{"C:\\Users\\Guilherme\\Documents\\desafio-nps-fullstack\\frontend\\fileMock.js": {"path":"C:\\Users\\Guilherme\\Documents\\desafio-nps-fullstack\\frontend\\fileMock.js","statementMap":{"0":{"start":{"line":1,"column":0},"end":{"line":1,"column":null}}},"fnMap":{},"branchMap":{},"s":{"0":1},"f":{},"b":{}}
,"C:\\Users\\Guilherme\\Documents\\desafio-nps-fullstack\\frontend\\src\\components\\StepForm\\index.tsx": {"path":"C:\\Users\\Guilherme\\Documents\\desafio-nps-fullstack\\frontend\\src\\components\\StepForm\\index.tsx","statementMap":{"0":{"start":{"line":7,"column":16},"end":{"line":7,"column":25}},"1":{"start":{"line":1,"column":19},"end":{"line":1,"column":null}}},"fnMap":{"0":{"name":"StepForm","decl":{"start":{"line":7,"column":16},"end":{"line":7,"column":25}},"loc":{"start":{"line":7,"column":51},"end":{"line":9,"column":null}}}},"branchMap":{},"s":{"0":0,"1":1},"f":{"0":0},"b":{}}
,"C:\\Users\\Guilherme\\Documents\\desafio-nps-fullstack\\frontend\\src\\hooks\\useMultistepForm.ts": {"path":"C:\\Users\\Guilherme\\Documents\\desafio-nps-fullstack\\frontend\\src\\hooks\\useMultistepForm.ts","statementMap":{"0":{"start":{"line":4,"column":16},"end":{"line":4,"column":33}},"1":{"start":{"line":2,"column":34},"end":{"line":2,"column":null}},"2":{"start":{"line":5,"column":50},"end":{"line":5,"column":null}},"3":{"start":{"line":8,"column":4},"end":{"line":11,"column":null}},"4":{"start":{"line":9,"column":6},"end":{"line":9,"column":null}},"5":{"start":{"line":9,"column":40},"end":{"line":9,"column":null}},"6":{"start":{"line":10,"column":6},"end":{"line":10,"column":null}},"7":{"start":{"line":15,"column":4},"end":{"line":15,"column":null}},"8":{"start":{"line":18,"column":2},"end":{"line":27,"column":null}}},"fnMap":{"0":{"name":"useMultiStepForm","decl":{"start":{"line":4,"column":16},"end":{"line":4,"column":33}},"loc":{"start":{"line":4,"column":54},"end":{"line":28,"column":null}}},"1":{"name":"nextStep","decl":{"start":{"line":7,"column":11},"end":{"line":7,"column":null}},"loc":{"start":{"line":7,"column":11},"end":{"line":12,"column":null}}},"2":{"name":"(anonymous_3)","decl":{"start":{"line":8,"column":24},"end":{"line":8,"column":25}},"loc":{"start":{"line":8,"column":25},"end":{"line":11,"column":null}}},"3":{"name":"goTo","decl":{"start":{"line":14,"column":11},"end":{"line":14,"column":16}},"loc":{"start":{"line":14,"column":29},"end":{"line":16,"column":null}}}},"branchMap":{"0":{"loc":{"start":{"line":9,"column":6},"end":{"line":9,"column":null}},"type":"if","locations":[{"start":{"line":9,"column":6},"end":{"line":9,"column":null}}]}},"s":{"0":2,"1":1,"2":2,"3":0,"4":0,"5":0,"6":0,"7":0,"8":2},"f":{"0":2,"1":0,"2":0,"3":0},"b":{"0":[0]}}
,"C:\\Users\\Guilherme\\Documents\\desafio-nps-fullstack\\frontend\\src\\hooks\\usePersistedState.ts": {"path":"C:\\Users\\Guilherme\\Documents\\desafio-nps-fullstack\\frontend\\src\\hooks\\usePersistedState.ts","statementMap":{"0":{"start":{"line":3,"column":13},"end":{"line":3,"column":33}},"1":{"start":{"line":1,"column":36},"end":{"line":1,"column":null}},"2":{"start":{"line":3,"column":33},"end":{"line":19,"column":null}},"3":{"start":{"line":4,"column":29},"end":{"line":12,"column":null}},"4":{"start":{"line":5,"column":25},"end":{"line":5,"column":null}},"5":{"start":{"line":7,"column":4},"end":{"line":11,"column":null}},"6":{"start":{"line":8,"column":6},"end":{"line":8,"column":null}},"7":{"start":{"line":10,"column":6},"end":{"line":10,"column":null}},"8":{"start":{"line":14,"column":2},"end":{"line":16,"column":null}},"9":{"start":{"line":15,"column":4},"end":{"line":15,"column":null}},"10":{"start":{"line":18,"column":2},"end":{"line":18,"column":null}}},"fnMap":{"0":{"name":"(anonymous_1)","decl":{"start":{"line":3,"column":33},"end":{"line":3,"column":34}},"loc":{"start":{"line":3,"column":47},"end":{"line":19,"column":null}}},"1":{"name":"(anonymous_2)","decl":{"start":{"line":4,"column":38},"end":{"line":4,"column":null}},"loc":{"start":{"line":4,"column":38},"end":{"line":12,"column":null}}},"2":{"name":"(anonymous_3)","decl":{"start":{"line":14,"column":12},"end":{"line":14,"column":null}},"loc":{"start":{"line":14,"column":12},"end":{"line":16,"column":5}}}},"branchMap":{"0":{"loc":{"start":{"line":7,"column":4},"end":{"line":11,"column":null}},"type":"if","locations":[{"start":{"line":7,"column":4},"end":{"line":11,"column":null}},{"start":{"line":9,"column":11},"end":{"line":11,"column":null}}]}},"s":{"0":2,"1":1,"2":1,"3":2,"4":1,"5":1,"6":0,"7":1,"8":2,"9":1,"10":2},"f":{"0":2,"1":1,"2":1},"b":{"0":[0,1]}}
,"C:\\Users\\Guilherme\\Documents\\desafio-nps-fullstack\\frontend\\src\\pages\\QuestionForm\\index.tsx": {"path":"C:\\Users\\Guilherme\\Documents\\desafio-nps-fullstack\\frontend\\src\\pages\\QuestionForm\\index.tsx","statementMap":{"0":{"start":{"line":20,"column":16},"end":{"line":20,"column":null}},"1":{"start":{"line":1,"column":19},"end":{"line":1,"column":null}},"2":{"start":{"line":2,"column":24},"end":{"line":2,"column":null}},"3":{"start":{"line":3,"column":21},"end":{"line":3,"column":null}},"4":{"start":{"line":4,"column":18},"end":{"line":4,"column":null}},"5":{"start":{"line":5,"column":61},"end":{"line":5,"column":null}},"6":{"start":{"line":6,"column":30},"end":{"line":6,"column":null}},"7":{"start":{"line":7,"column":33},"end":{"line":7,"column":null}},"8":{"start":{"line":8,"column":25},"end":{"line":8,"column":null}},"9":{"start":{"line":9,"column":38},"end":{"line":9,"column":null}},"10":{"start":{"line":10,"column":7},"end":{"line":10,"column":null}},"11":{"start":{"line":11,"column":31},"end":{"line":11,"column":null}},"12":{"start":{"line":14,"column":32},"end":{"line":18,"column":null}},"13":{"start":{"line":21,"column":34},"end":{"line":21,"column":null}},"14":{"start":{"line":22,"column":46},"end":{"line":22,"column":null}},"15":{"start":{"line":23,"column":56},"end":{"line":25,"column":null}},"16":{"start":{"line":33,"column":6},"end":{"line":33,"column":null}},"17":{"start":{"line":36,"column":4},"end":{"line":44,"column":null}},"18":{"start":{"line":48,"column":26},"end":{"line":48,"column":null}},"19":{"start":{"line":49,"column":40},"end":{"line":52,"column":null}},"20":{"start":{"line":54,"column":4},"end":{"line":55,"column":null}},"21":{"start":{"line":60,"column":4},"end":{"line":60,"column":null}},"22":{"start":{"line":63,"column":2},"end":{"line":65,"column":null}},"23":{"start":{"line":64,"column":4},"end":{"line":64,"column":null}},"24":{"start":{"line":68,"column":23},"end":{"line":68,"column":null}},"25":{"start":{"line":69,"column":4},"end":{"line":69,"column":null}},"26":{"start":{"line":72,"column":2},"end":{"line":74,"column":null}},"27":{"start":{"line":73,"column":4},"end":{"line":73,"column":null}},"28":{"start":{"line":77,"column":4},"end":{"line":79,"column":null}},"29":{"start":{"line":78,"column":6},"end":{"line":78,"column":null}},"30":{"start":{"line":83,"column":4},"end":{"line":83,"column":null}},"31":{"start":{"line":84,"column":4},"end":{"line":93,"column":null}},"32":{"start":{"line":85,"column":6},"end":{"line":89,"column":null}},"33":{"start":{"line":86,"column":8},"end":{"line":89,"column":null}},"34":{"start":{"line":91,"column":6},"end":{"line":91,"column":null}},"35":{"start":{"line":92,"column":6},"end":{"line":92,"column":null}},"36":{"start":{"line":95,"column":4},"end":{"line":97,"column":null}},"37":{"start":{"line":96,"column":6},"end":{"line":96,"column":null}},"38":{"start":{"line":100,"column":2},"end":{"line":105,"column":null}},"39":{"start":{"line":101,"column":4},"end":{"line":104,"column":null}},"40":{"start":{"line":102,"column":6},"end":{"line":102,"column":null}},"41":{"start":{"line":103,"column":6},"end":{"line":103,"column":null}},"42":{"start":{"line":125,"column":38},"end":{"line":125,"column":null}},"43":{"start":{"line":140,"column":16},"end":{"line":140,"column":null}}},"fnMap":{"0":{"name":"QuestionForm","decl":{"start":{"line":20,"column":16},"end":{"line":20,"column":null}},"loc":{"start":{"line":20,"column":16},"end":{"line":161,"column":null}}},"1":{"name":"notifyUser","decl":{"start":{"line":35,"column":11},"end":{"line":35,"column":null}},"loc":{"start":{"line":35,"column":11},"end":{"line":45,"column":null}}},"2":{"name":"fetchData","decl":{"start":{"line":47,"column":17},"end":{"line":47,"column":null}},"loc":{"start":{"line":47,"column":17},"end":{"line":57,"column":null}}},"3":{"name":"(anonymous_8)","decl":{"start":{"line":50,"column":6},"end":{"line":50,"column":7}},"loc":{"start":{"line":50,"column":7},"end":{"line":52,"column":null}}},"4":{"name":"loadCurrentQuestion","decl":{"start":{"line":59,"column":11},"end":{"line":59,"column":null}},"loc":{"start":{"line":59,"column":11},"end":{"line":61,"column":null}}},"5":{"name":"(anonymous_10)","decl":{"start":{"line":63,"column":12},"end":{"line":63,"column":null}},"loc":{"start":{"line":63,"column":12},"end":{"line":65,"column":5}}},"6":{"name":"postData","decl":{"start":{"line":67,"column":17},"end":{"line":67,"column":null}},"loc":{"start":{"line":67,"column":17},"end":{"line":70,"column":null}}},"7":{"name":"(anonymous_12)","decl":{"start":{"line":72,"column":12},"end":{"line":72,"column":null}},"loc":{"start":{"line":72,"column":12},"end":{"line":74,"column":5}}},"8":{"name":"updateFields","decl":{"start":{"line":76,"column":11},"end":{"line":76,"column":24}},"loc":{"start":{"line":76,"column":50},"end":{"line":80,"column":null}}},"9":{"name":"(anonymous_14)","decl":{"start":{"line":77,"column":16},"end":{"line":77,"column":17}},"loc":{"start":{"line":77,"column":17},"end":{"line":79,"column":null}}},"10":{"name":"onNextStepOfNPSForm","decl":{"start":{"line":82,"column":11},"end":{"line":82,"column":31}},"loc":{"start":{"line":82,"column":47},"end":{"line":98,"column":null}}},"11":{"name":"(anonymous_16)","decl":{"start":{"line":85,"column":24},"end":{"line":85,"column":null}},"loc":{"start":{"line":86,"column":8},"end":{"line":89,"column":null}}},"12":{"name":"(anonymous_17)","decl":{"start":{"line":100,"column":12},"end":{"line":100,"column":null}},"loc":{"start":{"line":100,"column":12},"end":{"line":105,"column":5}}},"13":{"name":"(anonymous_18)","decl":{"start":{"line":125,"column":29},"end":{"line":125,"column":38}},"loc":{"start":{"line":125,"column":38},"end":{"line":125,"column":null}}},"14":{"name":"(anonymous_19)","decl":{"start":{"line":139,"column":24},"end":{"line":139,"column":null}},"loc":{"start":{"line":140,"column":16},"end":{"line":140,"column":null}}}},"branchMap":{"0":{"loc":{"start":{"line":84,"column":4},"end":{"line":93,"column":null}},"type":"if","locations":[{"start":{"line":84,"column":4},"end":{"line":93,"column":null}}]},"1":{"loc":{"start":{"line":84,"column":8},"end":{"line":84,"column":58}},"type":"binary-expr","locations":[{"start":{"line":84,"column":8},"end":{"line":84,"column":23}},{"start":{"line":84,"column":23},"end":{"line":84,"column":58}}]},"2":{"loc":{"start":{"line":95,"column":4},"end":{"line":97,"column":null}},"type":"if","locations":[{"start":{"line":95,"column":4},"end":{"line":97,"column":null}}]},"3":{"loc":{"start":{"line":101,"column":4},"end":{"line":104,"column":null}},"type":"if","locations":[{"start":{"line":101,"column":4},"end":{"line":104,"column":null}}]},"4":{"loc":{"start":{"line":109,"column":7},"end":{"line":109,"column":null}},"type":"binary-expr","locations":[{"start":{"line":109,"column":7},"end":{"line":109,"column":null}}]},"5":{"loc":{"start":{"line":116,"column":7},"end":{"line":116,"column":null}},"type":"binary-expr","locations":[{"start":{"line":116,"column":7},"end":{"line":116,"column":null}}]},"6":{"loc":{"start":{"line":135,"column":16},"end":{"line":137,"column":null}},"type":"cond-expr","locations":[{"start":{"line":136,"column":20},"end":{"line":136,"column":null}},{"start":{"line":137,"column":20},"end":{"line":137,"column":null}}]},"7":{"loc":{"start":{"line":144,"column":24},"end":{"line":144,"column":null}},"type":"cond-expr","locations":[{"start":{"line":144,"column":38},"end":{"line":144,"column":45}},{"start":{"line":144,"column":45},"end":{"line":144,"column":null}}]},"8":{"loc":{"start":{"line":146,"column":13},"end":{"line":146,"column":28}},"type":"binary-expr","locations":[{"start":{"line":146,"column":13},"end":{"line":146,"column":28}}]},"9":{"loc":{"start":{"line":152,"column":17},"end":{"line":152,"column":null}},"type":"cond-expr","locations":[{"start":{"line":152,"column":33},"end":{"line":152,"column":44}},{"start":{"line":152,"column":44},"end":{"line":152,"column":null}}]}},"s":{"0":1,"1":1,"2":1,"3":1,"4":1,"5":1,"6":1,"7":1,"8":1,"9":1,"10":1,"11":1,"12":1,"13":2,"14":2,"15":2,"16":2,"17":0,"18":1,"19":0,"20":0,"21":1,"22":2,"23":1,"24":0,"25":0,"26":2,"27":1,"28":0,"29":0,"30":0,"31":0,"32":0,"33":0,"34":0,"35":0,"36":0,"37":0,"38":2,"39":1,"40":0,"41":0,"42":0,"43":0},"f":{"0":2,"1":0,"2":1,"3":0,"4":1,"5":1,"6":0,"7":1,"8":0,"9":0,"10":0,"11":0,"12":1,"13":0,"14":0},"b":{"0":[0],"1":[0,0],"2":[0],"3":[0],"4":[2],"5":[2],"6":[2,0],"7":[2,0],"8":[2],"9":[0,2]}}
,"C:\\Users\\Guilherme\\Documents\\desafio-nps-fullstack\\frontend\\src\\pages\\QuestionForm\\styles.ts": {"path":"C:\\Users\\Guilherme\\Documents\\desafio-nps-fullstack\\frontend\\src\\pages\\QuestionForm\\styles.ts","statementMap":{"0":{"start":{"line":8,"column":13},"end":{"line":8,"column":31}},"1":{"start":{"line":38,"column":13},"end":{"line":38,"column":18}},"2":{"start":{"line":56,"column":13},"end":{"line":56,"column":21}},"3":{"start":{"line":75,"column":13},"end":{"line":75,"column":17}},"4":{"start":{"line":152,"column":13},"end":{"line":152,"column":21}},"5":{"start":{"line":186,"column":13},"end":{"line":186,"column":21}},"6":{"start":{"line":212,"column":13},"end":{"line":212,"column":19}},"7":{"start":{"line":239,"column":13},"end":{"line":239,"column":34}},"8":{"start":{"line":1,"column":19},"end":{"line":1,"column":null}},"9":{"start":{"line":8,"column":34},"end":{"line":37,"column":1}},"10":{"start":{"line":10,"column":33},"end":{"line":10,"column":68}},"11":{"start":{"line":11,"column":25},"end":{"line":11,"column":49}},"12":{"start":{"line":27,"column":35},"end":{"line":27,"column":67}},"13":{"start":{"line":38,"column":21},"end":{"line":54,"column":1}},"14":{"start":{"line":45,"column":20},"end":{"line":45,"column":40}},"15":{"start":{"line":56,"column":24},"end":{"line":73,"column":1}},"16":{"start":{"line":57,"column":20},"end":{"line":57,"column":40}},"17":{"start":{"line":75,"column":20},"end":{"line":150,"column":1}},"18":{"start":{"line":103,"column":27},"end":{"line":103,"column":50}},"19":{"start":{"line":107,"column":27},"end":{"line":107,"column":50}},"20":{"start":{"line":119,"column":27},"end":{"line":119,"column":57}},"21":{"start":{"line":129,"column":27},"end":{"line":129,"column":51}},"22":{"start":{"line":130,"column":39},"end":{"line":130,"column":62}},"23":{"start":{"line":152,"column":24},"end":{"line":184,"column":1}},"24":{"start":{"line":154,"column":25},"end":{"line":154,"column":48}},"25":{"start":{"line":171,"column":20},"end":{"line":171,"column":43}},"26":{"start":{"line":186,"column":24},"end":{"line":210,"column":1}},"27":{"start":{"line":192,"column":20},"end":{"line":192,"column":46}},"28":{"start":{"line":212,"column":22},"end":{"line":237,"column":1}},"29":{"start":{"line":214,"column":4},"end":{"line":214,"column":66}},"30":{"start":{"line":224,"column":20},"end":{"line":224,"column":44}},"31":{"start":{"line":239,"column":37},"end":{"line":244,"column":1}}},"fnMap":{"0":{"name":"(anonymous_10)","decl":{"start":{"line":10,"column":12},"end":{"line":10,"column":13}},"loc":{"start":{"line":10,"column":33},"end":{"line":10,"column":68}}},"1":{"name":"(anonymous_11)","decl":{"start":{"line":11,"column":16},"end":{"line":11,"column":25}},"loc":{"start":{"line":11,"column":25},"end":{"line":11,"column":49}}},"2":{"name":"(anonymous_12)","decl":{"start":{"line":27,"column":14},"end":{"line":27,"column":15}},"loc":{"start":{"line":27,"column":35},"end":{"line":27,"column":67}}},"3":{"name":"(anonymous_13)","decl":{"start":{"line":45,"column":11},"end":{"line":45,"column":20}},"loc":{"start":{"line":45,"column":20},"end":{"line":45,"column":40}}},"4":{"name":"(anonymous_14)","decl":{"start":{"line":57,"column":11},"end":{"line":57,"column":20}},"loc":{"start":{"line":57,"column":20},"end":{"line":57,"column":40}}},"5":{"name":"(anonymous_15)","decl":{"start":{"line":103,"column":18},"end":{"line":103,"column":27}},"loc":{"start":{"line":103,"column":27},"end":{"line":103,"column":50}}},"6":{"name":"(anonymous_16)","decl":{"start":{"line":107,"column":18},"end":{"line":107,"column":27}},"loc":{"start":{"line":107,"column":27},"end":{"line":107,"column":50}}},"7":{"name":"(anonymous_17)","decl":{"start":{"line":119,"column":18},"end":{"line":119,"column":27}},"loc":{"start":{"line":119,"column":27},"end":{"line":119,"column":57}}},"8":{"name":"(anonymous_18)","decl":{"start":{"line":129,"column":18},"end":{"line":129,"column":27}},"loc":{"start":{"line":129,"column":27},"end":{"line":129,"column":51}}},"9":{"name":"(anonymous_19)","decl":{"start":{"line":130,"column":30},"end":{"line":130,"column":39}},"loc":{"start":{"line":130,"column":39},"end":{"line":130,"column":62}}},"10":{"name":"(anonymous_20)","decl":{"start":{"line":154,"column":16},"end":{"line":154,"column":25}},"loc":{"start":{"line":154,"column":25},"end":{"line":154,"column":48}}},"11":{"name":"(anonymous_21)","decl":{"start":{"line":171,"column":11},"end":{"line":171,"column":20}},"loc":{"start":{"line":171,"column":20},"end":{"line":171,"column":43}}},"12":{"name":"(anonymous_22)","decl":{"start":{"line":192,"column":11},"end":{"line":192,"column":20}},"loc":{"start":{"line":192,"column":20},"end":{"line":192,"column":46}}},"13":{"name":"(anonymous_23)","decl":{"start":{"line":213,"column":16},"end":{"line":213,"column":17}},"loc":{"start":{"line":214,"column":4},"end":{"line":214,"column":66}}},"14":{"name":"(anonymous_24)","decl":{"start":{"line":224,"column":11},"end":{"line":224,"column":20}},"loc":{"start":{"line":224,"column":20},"end":{"line":224,"column":44}}}},"branchMap":{"0":{"loc":{"start":{"line":10,"column":33},"end":{"line":10,"column":68}},"type":"cond-expr","locations":[{"start":{"line":10,"column":46},"end":{"line":10,"column":56}},{"start":{"line":10,"column":56},"end":{"line":10,"column":68}}]},"1":{"loc":{"start":{"line":27,"column":35},"end":{"line":27,"column":67}},"type":"cond-expr","locations":[{"start":{"line":27,"column":48},"end":{"line":27,"column":58}},{"start":{"line":27,"column":58},"end":{"line":27,"column":67}}]},"2":{"loc":{"start":{"line":214,"column":4},"end":{"line":214,"column":66}},"type":"cond-expr","locations":[{"start":{"line":214,"column":22},"end":{"line":214,"column":46}},{"start":{"line":214,"column":49},"end":{"line":214,"column":66}}]}},"s":{"0":2,"1":2,"2":0,"3":2,"4":2,"5":2,"6":2,"7":2,"8":1,"9":1,"10":2,"11":2,"12":2,"13":1,"14":2,"15":1,"16":0,"17":1,"18":2,"19":2,"20":2,"21":2,"22":2,"23":1,"24":2,"25":2,"26":1,"27":2,"28":1,"29":2,"30":2,"31":1},"f":{"0":2,"1":2,"2":2,"3":2,"4":0,"5":2,"6":2,"7":2,"8":2,"9":2,"10":2,"11":2,"12":2,"13":2,"14":2},"b":{"0":[0,2],"1":[0,2],"2":[0,2]}}
,"C:\\Users\\Guilherme\\Documents\\desafio-nps-fullstack\\frontend\\src\\pages\\SubmittedForm\\index.tsx": {"path":"C:\\Users\\Guilherme\\Documents\\desafio-nps-fullstack\\frontend\\src\\pages\\SubmittedForm\\index.tsx","statementMap":{"0":{"start":{"line":5,"column":16},"end":{"line":5,"column":null}},"1":{"start":{"line":1,"column":19},"end":{"line":1,"column":null}},"2":{"start":{"line":2,"column":18},"end":{"line":2,"column":null}},"3":{"start":{"line":3,"column":23},"end":{"line":3,"column":null}}},"fnMap":{"0":{"name":"SubmittedForm","decl":{"start":{"line":5,"column":16},"end":{"line":5,"column":null}},"loc":{"start":{"line":5,"column":16},"end":{"line":18,"column":null}}}},"branchMap":{},"s":{"0":0,"1":1,"2":1,"3":1},"f":{"0":0},"b":{}}
,"C:\\Users\\Guilherme\\Documents\\desafio-nps-fullstack\\frontend\\src\\pages\\SubmittedForm\\styles.ts": {"path":"C:\\Users\\Guilherme\\Documents\\desafio-nps-fullstack\\frontend\\src\\pages\\SubmittedForm\\styles.ts","statementMap":{"0":{"start":{"line":3,"column":13},"end":{"line":3,"column":35}},"1":{"start":{"line":30,"column":13},"end":{"line":30,"column":25}},"2":{"start":{"line":35,"column":13},"end":{"line":35,"column":18}},"3":{"start":{"line":52,"column":13},"end":{"line":52,"column":21}},"4":{"start":{"line":71,"column":13},"end":{"line":71,"column":19}},"5":{"start":{"line":1,"column":19},"end":{"line":1,"column":null}},"6":{"start":{"line":3,"column":38},"end":{"line":28,"column":1}},"7":{"start":{"line":6,"column":25},"end":{"line":6,"column":49}},"8":{"start":{"line":30,"column":28},"end":{"line":33,"column":1}},"9":{"start":{"line":35,"column":21},"end":{"line":50,"column":1}},"10":{"start":{"line":42,"column":20},"end":{"line":42,"column":40}},"11":{"start":{"line":52,"column":24},"end":{"line":69,"column":1}},"12":{"start":{"line":53,"column":20},"end":{"line":53,"column":40}},"13":{"start":{"line":71,"column":22},"end":{"line":95,"column":1}},"14":{"start":{"line":72,"column":25},"end":{"line":72,"column":55}},"15":{"start":{"line":82,"column":20},"end":{"line":82,"column":44}}},"fnMap":{"0":{"name":"(anonymous_7)","decl":{"start":{"line":6,"column":16},"end":{"line":6,"column":25}},"loc":{"start":{"line":6,"column":25},"end":{"line":6,"column":49}}},"1":{"name":"(anonymous_8)","decl":{"start":{"line":42,"column":11},"end":{"line":42,"column":20}},"loc":{"start":{"line":42,"column":20},"end":{"line":42,"column":40}}},"2":{"name":"(anonymous_9)","decl":{"start":{"line":53,"column":11},"end":{"line":53,"column":20}},"loc":{"start":{"line":53,"column":20},"end":{"line":53,"column":40}}},"3":{"name":"(anonymous_10)","decl":{"start":{"line":72,"column":16},"end":{"line":72,"column":25}},"loc":{"start":{"line":72,"column":25},"end":{"line":72,"column":55}}},"4":{"name":"(anonymous_11)","decl":{"start":{"line":82,"column":11},"end":{"line":82,"column":20}},"loc":{"start":{"line":82,"column":20},"end":{"line":82,"column":44}}}},"branchMap":{},"s":{"0":0,"1":0,"2":0,"3":0,"4":0,"5":1,"6":1,"7":0,"8":1,"9":1,"10":0,"11":1,"12":0,"13":1,"14":0,"15":0},"f":{"0":0,"1":0,"2":0,"3":0,"4":0},"b":{}}
,"C:\\Users\\Guilherme\\Documents\\desafio-nps-fullstack\\frontend\\src\\services\\QuestionController.ts": {"path":"C:\\Users\\Guilherme\\Documents\\desafio-nps-fullstack\\frontend\\src\\services\\QuestionController.ts","statementMap":{"0":{"start":{"line":18,"column":0},"end":{"line":18,"column":15}},"1":{"start":{"line":2,"column":20},"end":{"line":2,"column":null}},"2":{"start":{"line":4,"column":0},"end":{"line":16,"column":null}},"3":{"start":{"line":6,"column":28},"end":{"line":6,"column":null}},"4":{"start":{"line":7,"column":4},"end":{"line":7,"column":null}},"5":{"start":{"line":11,"column":26},"end":{"line":13,"column":null}},"6":{"start":{"line":14,"column":4},"end":{"line":14,"column":null}},"7":{"start":{"line":18,"column":15},"end":{"line":18,"column":null}}},"fnMap":{"0":{"name":"(anonymous_1)","decl":{"start":{"line":5,"column":2},"end":{"line":5,"column":8}},"loc":{"start":{"line":5,"column":26},"end":{"line":8,"column":null}}},"1":{"name":"(anonymous_2)","decl":{"start":{"line":10,"column":2},"end":{"line":10,"column":8}},"loc":{"start":{"line":10,"column":46},"end":{"line":15,"column":null}}}},"branchMap":{},"s":{"0":1,"1":1,"2":1,"3":1,"4":0,"5":0,"6":0,"7":1},"f":{"0":1,"1":0},"b":{}}
,"C:\\Users\\Guilherme\\Documents\\desafio-nps-fullstack\\frontend\\src\\services\\api.ts": {"path":"C:\\Users\\Guilherme\\Documents\\desafio-nps-fullstack\\frontend\\src\\services\\api.ts","statementMap":{"0":{"start":{"line":3,"column":13},"end":{"line":3,"column":19}},"1":{"start":{"line":1,"column":18},"end":{"line":1,"column":null}},"2":{"start":{"line":3,"column":19},"end":{"line":8,"column":null}}},"fnMap":{},"branchMap":{},"s":{"0":1,"1":1,"2":1},"f":{},"b":{}}
}
