TN:
SF:fileMock.js
FNF:0
FNH:0
DA:1,1
LF:1
LH:1
BRF:0
BRH:0
end_of_record
TN:
SF:src\components\StepForm\index.tsx
FN:7,StepForm
FNF:1
FNH:0
FNDA:0,StepForm
DA:1,1
DA:7,0
LF:2
LH:1
BRF:0
BRH:0
end_of_record
TN:
SF:src\hooks\useMultistepForm.ts
FN:4,useMultiStepForm
FN:7,nextStep
FN:8,(anonymous_3)
FN:14,goTo
FNF:4
FNH:1
FNDA:2,useMultiStepForm
FNDA:0,nextStep
FNDA:0,(anonymous_3)
FNDA:0,goTo
DA:2,1
DA:4,2
DA:5,2
DA:8,0
DA:9,0
DA:10,0
DA:15,0
DA:18,2
LF:8
LH:4
BRDA:9,0,0,0
BRF:1
BRH:0
end_of_record
TN:
SF:src\hooks\usePersistedState.ts
FN:3,(anonymous_1)
FN:4,(anonymous_2)
FN:14,(anonymous_3)
FNF:3
FNH:3
FNDA:2,(anonymous_1)
FNDA:1,(anonymous_2)
FNDA:1,(anonymous_3)
DA:1,1
DA:3,2
DA:4,2
DA:5,1
DA:7,1
DA:8,0
DA:10,1
DA:14,2
DA:15,1
DA:18,2
LF:10
LH:9
BRDA:7,0,0,0
BRDA:7,0,1,1
BRF:2
BRH:1
end_of_record
TN:
SF:src\pages\QuestionForm\index.tsx
FN:20,QuestionForm
FN:35,notifyUser
FN:47,fetchData
FN:50,(anonymous_8)
FN:59,loadCurrentQuestion
FN:63,(anonymous_10)
FN:67,postData
FN:72,(anonymous_12)
FN:76,updateFields
FN:77,(anonymous_14)
FN:82,onNextStepOfNPSForm
FN:85,(anonymous_16)
FN:100,(anonymous_17)
FN:125,(anonymous_18)
FN:139,(anonymous_19)
FNF:15
FNH:6
FNDA:2,QuestionForm
FNDA:0,notifyUser
FNDA:1,fetchData
FNDA:0,(anonymous_8)
FNDA:1,loadCurrentQuestion
FNDA:1,(anonymous_10)
FNDA:0,postData
FNDA:1,(anonymous_12)
FNDA:0,updateFields
FNDA:0,(anonymous_14)
FNDA:0,onNextStepOfNPSForm
FNDA:0,(anonymous_16)
FNDA:1,(anonymous_17)
FNDA:0,(anonymous_18)
FNDA:0,(anonymous_19)
DA:1,1
DA:2,1
DA:3,1
DA:4,1
DA:5,1
DA:6,1
DA:7,1
DA:8,1
DA:9,1
DA:10,1
DA:11,1
DA:14,1
DA:20,1
DA:21,2
DA:22,2
DA:23,2
DA:33,2
DA:36,0
DA:48,1
DA:49,0
DA:54,0
DA:60,1
DA:63,2
DA:64,1
DA:68,0
DA:69,0
DA:72,2
DA:73,1
DA:77,0
DA:78,0
DA:83,0
DA:84,0
DA:85,0
DA:86,0
DA:91,0
DA:92,0
DA:95,0
DA:96,0
DA:100,2
DA:101,1
DA:102,0
DA:103,0
DA:125,0
DA:140,0
LF:44
LH:25
BRDA:84,0,0,0
BRDA:84,1,0,0
BRDA:84,1,1,0
BRDA:95,2,0,0
BRDA:101,3,0,0
BRDA:109,4,0,2
BRDA:116,5,0,2
BRDA:135,6,0,2
BRDA:135,6,1,0
BRDA:144,7,0,2
BRDA:144,7,1,0
BRDA:146,8,0,2
BRDA:152,9,0,0
BRDA:152,9,1,2
BRF:14
BRH:6
end_of_record
TN:
SF:src\pages\QuestionForm\styles.ts
FN:10,(anonymous_10)
FN:11,(anonymous_11)
FN:27,(anonymous_12)
FN:45,(anonymous_13)
FN:57,(anonymous_14)
FN:103,(anonymous_15)
FN:107,(anonymous_16)
FN:119,(anonymous_17)
FN:129,(anonymous_18)
FN:130,(anonymous_19)
FN:154,(anonymous_20)
FN:171,(anonymous_21)
FN:192,(anonymous_22)
FN:213,(anonymous_23)
FN:224,(anonymous_24)
FNF:15
FNH:14
FNDA:2,(anonymous_10)
FNDA:2,(anonymous_11)
FNDA:2,(anonymous_12)
FNDA:2,(anonymous_13)
FNDA:0,(anonymous_14)
FNDA:2,(anonymous_15)
FNDA:2,(anonymous_16)
FNDA:2,(anonymous_17)
FNDA:2,(anonymous_18)
FNDA:2,(anonymous_19)
FNDA:2,(anonymous_20)
FNDA:2,(anonymous_21)
FNDA:2,(anonymous_22)
FNDA:2,(anonymous_23)
FNDA:2,(anonymous_24)
DA:1,1
DA:8,2
DA:10,2
DA:11,2
DA:27,2
DA:38,2
DA:45,2
DA:56,1
DA:57,0
DA:75,2
DA:103,2
DA:107,2
DA:119,2
DA:129,2
DA:130,2
DA:152,2
DA:154,2
DA:171,2
DA:186,2
DA:192,2
DA:212,2
DA:214,2
DA:224,2
DA:239,2
LF:24
LH:23
BRDA:10,0,0,0
BRDA:10,0,1,2
BRDA:27,1,0,0
BRDA:27,1,1,2
BRDA:214,2,0,0
BRDA:214,2,1,2
BRF:6
BRH:3
end_of_record
TN:
SF:src\pages\SubmittedForm\index.tsx
FN:5,SubmittedForm
FNF:1
FNH:0
FNDA:0,SubmittedForm
DA:1,1
DA:2,1
DA:3,1
DA:5,0
LF:4
LH:3
BRF:0
BRH:0
end_of_record
TN:
SF:src\pages\SubmittedForm\styles.ts
FN:6,(anonymous_7)
FN:42,(anonymous_8)
FN:53,(anonymous_9)
FN:72,(anonymous_10)
FN:82,(anonymous_11)
FNF:5
FNH:0
FNDA:0,(anonymous_7)
FNDA:0,(anonymous_8)
FNDA:0,(anonymous_9)
FNDA:0,(anonymous_10)
FNDA:0,(anonymous_11)
DA:1,1
DA:3,1
DA:6,0
DA:30,1
DA:35,1
DA:42,0
DA:52,1
DA:53,0
DA:71,1
DA:72,0
DA:82,0
LF:11
LH:6
BRF:0
BRH:0
end_of_record
TN:
SF:src\services\QuestionController.ts
FN:5,(anonymous_1)
FN:10,(anonymous_2)
FNF:2
FNH:1
FNDA:1,(anonymous_1)
FNDA:0,(anonymous_2)
DA:2,1
DA:4,1
DA:6,1
DA:7,0
DA:11,0
DA:14,0
DA:18,1
LF:7
LH:4
BRF:0
BRH:0
end_of_record
TN:
SF:src\services\api.ts
FNF:0
FNH:0
DA:1,1
DA:3,1
LF:2
LH:2
BRF:0
BRH:0
end_of_record
